2015-03-16 17:54:27 Error: [MissingControllerException] Controller class PagesController could not be found.
Exception Attributes: array (
  'class' => 'PagesController',
  'plugin' => NULL,
)
Request URL: /beta/
Stack Trace:
#0 /Users/sebb/sites/beta/webroot/index.php(99): Dispatcher->dispatch(Object(CakeRequest), Object(CakeResponse))
#1 {main}
2015-03-16 17:54:27 Error: Fatal Error (1): Trait 'Crud\Controller\ControllerTrait' not found in [/Users/sebb/sites/beta/Controller/AppController.php, line 26]
2015-03-16 17:54:27 Error: [FatalErrorException] Trait 'Crud\Controller\ControllerTrait' not found
Request URL: /beta/
Stack Trace:
#0 /Users/sebb/sites/beta/Vendor/cakephp/cakephp/lib/Cake/Error/ErrorHandler.php(203): ErrorHandler::handleFatalError(1, 'Trait 'Crud\\Con...', '/Users/sebb/sit...', 26)
#1 [internal function]: ErrorHandler::handleError(1, 'Trait 'Crud\\Con...', '/Users/sebb/sit...', 26, Array)
#2 /Users/sebb/sites/beta/Vendor/cakephp/cakephp/lib/Cake/Core/App.php(931): call_user_func('ErrorHandler::h...', 1, 'Trait 'Crud\\Con...', '/Users/sebb/sit...', 26, Array)
#3 /Users/sebb/sites/beta/Vendor/cakephp/cakephp/lib/Cake/Core/App.php(904): App::_checkFatalError()
#4 [internal function]: App::shutdown()
#5 {main}
2015-03-16 17:54:27 Error: [MissingControllerException] Controller class CssController could not be found.
Exception Attributes: array (
  'class' => 'CssController',
  'plugin' => NULL,
)
Request URL: /beta/css/cake.generic.css
Stack Trace:
#0 /Users/sebb/sites/beta/webroot/index.php(99): Dispatcher->dispatch(Object(CakeRequest), Object(CakeResponse))
#1 {main}
2015-03-16 17:54:27 Error: Fatal Error (1): Trait 'Crud\Controller\ControllerTrait' not found in [/Users/sebb/sites/beta/Controller/AppController.php, line 26]
2015-03-16 17:54:27 Error: [FatalErrorException] Trait 'Crud\Controller\ControllerTrait' not found
Request URL: /beta/css/cake.generic.css
Stack Trace:
#0 /Users/sebb/sites/beta/Vendor/cakephp/cakephp/lib/Cake/Error/ErrorHandler.php(203): ErrorHandler::handleFatalError(1, 'Trait 'Crud\\Con...', '/Users/sebb/sit...', 26)
#1 [internal function]: ErrorHandler::handleError(1, 'Trait 'Crud\\Con...', '/Users/sebb/sit...', 26, Array)
#2 /Users/sebb/sites/beta/Vendor/cakephp/cakephp/lib/Cake/Core/App.php(931): call_user_func('ErrorHandler::h...', 1, 'Trait 'Crud\\Con...', '/Users/sebb/sit...', 26, Array)
#3 /Users/sebb/sites/beta/Vendor/cakephp/cakephp/lib/Cake/Core/App.php(904): App::_checkFatalError()
#4 [internal function]: App::shutdown()
#5 {main}
2015-03-16 17:54:43 Error: [MissingControllerException] Controller class PagesController could not be found.
Exception Attributes: array (
  'class' => 'PagesController',
  'plugin' => NULL,
)
Request URL: /beta/
Stack Trace:
#0 /Users/sebb/sites/beta/webroot/index.php(99): Dispatcher->dispatch(Object(CakeRequest), Object(CakeResponse))
#1 {main}
2015-03-16 17:54:43 Error: Fatal Error (1): Class 'App\Controller\App' not found in [/Users/sebb/sites/beta/Controller/AppController.php, line 13]
2015-03-16 17:54:43 Error: [FatalErrorException] Class 'App\Controller\App' not found
Request URL: /beta/
Stack Trace:
#0 /Users/sebb/sites/beta/Vendor/cakephp/cakephp/lib/Cake/Error/ErrorHandler.php(203): ErrorHandler::handleFatalError(1, 'Class 'App\\Cont...', '/Users/sebb/sit...', 13)
#1 [internal function]: ErrorHandler::handleError(1, 'Class 'App\\Cont...', '/Users/sebb/sit...', 13, Array)
#2 /Users/sebb/sites/beta/Vendor/cakephp/cakephp/lib/Cake/Core/App.php(931): call_user_func('ErrorHandler::h...', 1, 'Class 'App\\Cont...', '/Users/sebb/sit...', 13, Array)
#3 /Users/sebb/sites/beta/Vendor/cakephp/cakephp/lib/Cake/Core/App.php(904): App::_checkFatalError()
#4 [internal function]: App::shutdown()
#5 {main}
2015-03-16 17:54:43 Error: [MissingControllerException] Controller class CssController could not be found.
Exception Attributes: array (
  'class' => 'CssController',
  'plugin' => NULL,
)
Request URL: /beta/css/cake.generic.css
Stack Trace:
#0 /Users/sebb/sites/beta/webroot/index.php(99): Dispatcher->dispatch(Object(CakeRequest), Object(CakeResponse))
#1 {main}
2015-03-16 17:54:43 Error: Fatal Error (1): Class 'App\Controller\App' not found in [/Users/sebb/sites/beta/Controller/AppController.php, line 13]
2015-03-16 17:54:43 Error: [FatalErrorException] Class 'App\Controller\App' not found
Request URL: /beta/css/cake.generic.css
Stack Trace:
#0 /Users/sebb/sites/beta/Vendor/cakephp/cakephp/lib/Cake/Error/ErrorHandler.php(203): ErrorHandler::handleFatalError(1, 'Class 'App\\Cont...', '/Users/sebb/sit...', 13)
#1 [internal function]: ErrorHandler::handleError(1, 'Class 'App\\Cont...', '/Users/sebb/sit...', 13, Array)
#2 /Users/sebb/sites/beta/Vendor/cakephp/cakephp/lib/Cake/Core/App.php(931): call_user_func('ErrorHandler::h...', 1, 'Class 'App\\Cont...', '/Users/sebb/sit...', 13, Array)
#3 /Users/sebb/sites/beta/Vendor/cakephp/cakephp/lib/Cake/Core/App.php(904): App::_checkFatalError()
#4 [internal function]: App::shutdown()
#5 {main}
2015-03-16 17:55:05 Error: [MissingControllerException] Controller class PagesController could not be found.
Exception Attributes: array (
  'class' => 'PagesController',
  'plugin' => NULL,
)
Request URL: /beta/
Stack Trace:
#0 /Users/sebb/sites/beta/webroot/index.php(99): Dispatcher->dispatch(Object(CakeRequest), Object(CakeResponse))
#1 {main}
2015-03-16 17:55:05 Error: Fatal Error (1): Trait 'Crud\Controller\ControllerTrait' not found in [/Users/sebb/sites/beta/Controller/AppController.php, line 26]
2015-03-16 17:55:05 Error: [FatalErrorException] Trait 'Crud\Controller\ControllerTrait' not found
Request URL: /beta/
Stack Trace:
#0 /Users/sebb/sites/beta/Vendor/cakephp/cakephp/lib/Cake/Error/ErrorHandler.php(203): ErrorHandler::handleFatalError(1, 'Trait 'Crud\\Con...', '/Users/sebb/sit...', 26)
#1 [internal function]: ErrorHandler::handleError(1, 'Trait 'Crud\\Con...', '/Users/sebb/sit...', 26, Array)
#2 /Users/sebb/sites/beta/Vendor/cakephp/cakephp/lib/Cake/Core/App.php(931): call_user_func('ErrorHandler::h...', 1, 'Trait 'Crud\\Con...', '/Users/sebb/sit...', 26, Array)
#3 /Users/sebb/sites/beta/Vendor/cakephp/cakephp/lib/Cake/Core/App.php(904): App::_checkFatalError()
#4 [internal function]: App::shutdown()
#5 {main}
2015-03-16 17:55:05 Error: [MissingControllerException] Controller class CssController could not be found.
Exception Attributes: array (
  'class' => 'CssController',
  'plugin' => NULL,
)
Request URL: /beta/css/cake.generic.css
Stack Trace:
#0 /Users/sebb/sites/beta/webroot/index.php(99): Dispatcher->dispatch(Object(CakeRequest), Object(CakeResponse))
#1 {main}
2015-03-16 17:55:05 Error: Fatal Error (1): Trait 'Crud\Controller\ControllerTrait' not found in [/Users/sebb/sites/beta/Controller/AppController.php, line 26]
2015-03-16 17:55:05 Error: [FatalErrorException] Trait 'Crud\Controller\ControllerTrait' not found
Request URL: /beta/css/cake.generic.css
Stack Trace:
#0 /Users/sebb/sites/beta/Vendor/cakephp/cakephp/lib/Cake/Error/ErrorHandler.php(203): ErrorHandler::handleFatalError(1, 'Trait 'Crud\\Con...', '/Users/sebb/sit...', 26)
#1 [internal function]: ErrorHandler::handleError(1, 'Trait 'Crud\\Con...', '/Users/sebb/sit...', 26, Array)
#2 /Users/sebb/sites/beta/Vendor/cakephp/cakephp/lib/Cake/Core/App.php(931): call_user_func('ErrorHandler::h...', 1, 'Trait 'Crud\\Con...', '/Users/sebb/sit...', 26, Array)
#3 /Users/sebb/sites/beta/Vendor/cakephp/cakephp/lib/Cake/Core/App.php(904): App::_checkFatalError()
#4 [internal function]: App::shutdown()
#5 {main}
2015-03-16 17:55:10 Error: [MissingControllerException] Controller class PagesController could not be found.
Exception Attributes: array (
  'class' => 'PagesController',
  'plugin' => NULL,
)
Request URL: /beta/
Stack Trace:
#0 /Users/sebb/sites/beta/webroot/index.php(99): Dispatcher->dispatch(Object(CakeRequest), Object(CakeResponse))
#1 {main}
2015-03-16 17:55:10 Error: Fatal Error (1): Trait 'Crud\Controller\ControllerTrait' not found in [/Users/sebb/sites/beta/Controller/AppController.php, line 26]
2015-03-16 17:55:10 Error: [FatalErrorException] Trait 'Crud\Controller\ControllerTrait' not found
Request URL: /beta/
Stack Trace:
#0 /Users/sebb/sites/beta/Vendor/cakephp/cakephp/lib/Cake/Error/ErrorHandler.php(203): ErrorHandler::handleFatalError(1, 'Trait 'Crud\\Con...', '/Users/sebb/sit...', 26)
#1 [internal function]: ErrorHandler::handleError(1, 'Trait 'Crud\\Con...', '/Users/sebb/sit...', 26, Array)
#2 /Users/sebb/sites/beta/Vendor/cakephp/cakephp/lib/Cake/Core/App.php(931): call_user_func('ErrorHandler::h...', 1, 'Trait 'Crud\\Con...', '/Users/sebb/sit...', 26, Array)
#3 /Users/sebb/sites/beta/Vendor/cakephp/cakephp/lib/Cake/Core/App.php(904): App::_checkFatalError()
#4 [internal function]: App::shutdown()
#5 {main}
2015-03-16 17:55:10 Error: [MissingControllerException] Controller class CssController could not be found.
Exception Attributes: array (
  'class' => 'CssController',
  'plugin' => NULL,
)
Request URL: /beta/css/cake.generic.css
Stack Trace:
#0 /Users/sebb/sites/beta/webroot/index.php(99): Dispatcher->dispatch(Object(CakeRequest), Object(CakeResponse))
#1 {main}
2015-03-16 17:55:10 Error: Fatal Error (1): Trait 'Crud\Controller\ControllerTrait' not found in [/Users/sebb/sites/beta/Controller/AppController.php, line 26]
2015-03-16 17:55:10 Error: [FatalErrorException] Trait 'Crud\Controller\ControllerTrait' not found
Request URL: /beta/css/cake.generic.css
Stack Trace:
#0 /Users/sebb/sites/beta/Vendor/cakephp/cakephp/lib/Cake/Error/ErrorHandler.php(203): ErrorHandler::handleFatalError(1, 'Trait 'Crud\\Con...', '/Users/sebb/sit...', 26)
#1 [internal function]: ErrorHandler::handleError(1, 'Trait 'Crud\\Con...', '/Users/sebb/sit...', 26, Array)
#2 /Users/sebb/sites/beta/Vendor/cakephp/cakephp/lib/Cake/Core/App.php(931): call_user_func('ErrorHandler::h...', 1, 'Trait 'Crud\\Con...', '/Users/sebb/sit...', 26, Array)
#3 /Users/sebb/sites/beta/Vendor/cakephp/cakephp/lib/Cake/Core/App.php(904): App::_checkFatalError()
#4 [internal function]: App::shutdown()
#5 {main}
2015-03-16 17:55:27 Error: [MissingControllerException] Controller class PagesController could not be found.
Exception Attributes: array (
  'class' => 'PagesController',
  'plugin' => NULL,
)
Request URL: /beta/
Stack Trace:
#0 /Users/sebb/sites/beta/webroot/index.php(99): Dispatcher->dispatch(Object(CakeRequest), Object(CakeResponse))
#1 {main}
2015-03-16 17:55:27 Error: Fatal Error (1): Class 'App\Controller\App' not found in [/Users/sebb/sites/beta/Controller/AppController.php, line 14]
2015-03-16 17:55:27 Error: [FatalErrorException] Class 'App\Controller\App' not found
Request URL: /beta/
Stack Trace:
#0 /Users/sebb/sites/beta/Vendor/cakephp/cakephp/lib/Cake/Error/ErrorHandler.php(203): ErrorHandler::handleFatalError(1, 'Class 'App\\Cont...', '/Users/sebb/sit...', 14)
#1 [internal function]: ErrorHandler::handleError(1, 'Class 'App\\Cont...', '/Users/sebb/sit...', 14, Array)
#2 /Users/sebb/sites/beta/Vendor/cakephp/cakephp/lib/Cake/Core/App.php(931): call_user_func('ErrorHandler::h...', 1, 'Class 'App\\Cont...', '/Users/sebb/sit...', 14, Array)
#3 /Users/sebb/sites/beta/Vendor/cakephp/cakephp/lib/Cake/Core/App.php(904): App::_checkFatalError()
#4 [internal function]: App::shutdown()
#5 {main}
2015-03-16 17:55:27 Error: [MissingControllerException] Controller class CssController could not be found.
Exception Attributes: array (
  'class' => 'CssController',
  'plugin' => NULL,
)
Request URL: /beta/css/cake.generic.css
Stack Trace:
#0 /Users/sebb/sites/beta/webroot/index.php(99): Dispatcher->dispatch(Object(CakeRequest), Object(CakeResponse))
#1 {main}
2015-03-16 17:55:27 Error: Fatal Error (1): Class 'App\Controller\App' not found in [/Users/sebb/sites/beta/Controller/AppController.php, line 14]
2015-03-16 17:55:27 Error: [FatalErrorException] Class 'App\Controller\App' not found
Request URL: /beta/css/cake.generic.css
Stack Trace:
#0 /Users/sebb/sites/beta/Vendor/cakephp/cakephp/lib/Cake/Error/ErrorHandler.php(203): ErrorHandler::handleFatalError(1, 'Class 'App\\Cont...', '/Users/sebb/sit...', 14)
#1 [internal function]: ErrorHandler::handleError(1, 'Class 'App\\Cont...', '/Users/sebb/sit...', 14, Array)
#2 /Users/sebb/sites/beta/Vendor/cakephp/cakephp/lib/Cake/Core/App.php(931): call_user_func('ErrorHandler::h...', 1, 'Class 'App\\Cont...', '/Users/sebb/sit...', 14, Array)
#3 /Users/sebb/sites/beta/Vendor/cakephp/cakephp/lib/Cake/Core/App.php(904): App::_checkFatalError()
#4 [internal function]: App::shutdown()
#5 {main}
2015-03-16 17:55:45 Error: [MissingControllerException] Controller class PagesController could not be found.
Exception Attributes: array (
  'class' => 'PagesController',
  'plugin' => NULL,
)
Request URL: /beta/
Stack Trace:
#0 /Users/sebb/sites/beta/webroot/index.php(99): Dispatcher->dispatch(Object(CakeRequest), Object(CakeResponse))
#1 {main}
2015-03-16 17:55:45 Error: Fatal Error (64): Namespace declaration statement has to be the very first statement in the script in [/Users/sebb/sites/beta/Controller/AppController.php, line 15]
2015-03-16 17:55:45 Error: [FatalErrorException] Namespace declaration statement has to be the very first statement in the script
Request URL: /beta/
Stack Trace:
#0 /Users/sebb/sites/beta/Vendor/cakephp/cakephp/lib/Cake/Error/ErrorHandler.php(203): ErrorHandler::handleFatalError(64, 'Namespace decla...', '/Users/sebb/sit...', 15)
#1 [internal function]: ErrorHandler::handleError(64, 'Namespace decla...', '/Users/sebb/sit...', 15, Array)
#2 /Users/sebb/sites/beta/Vendor/cakephp/cakephp/lib/Cake/Core/App.php(931): call_user_func('ErrorHandler::h...', 64, 'Namespace decla...', '/Users/sebb/sit...', 15, Array)
#3 /Users/sebb/sites/beta/Vendor/cakephp/cakephp/lib/Cake/Core/App.php(904): App::_checkFatalError()
#4 [internal function]: App::shutdown()
#5 {main}
2015-03-16 17:55:45 Error: [MissingControllerException] Controller class CssController could not be found.
Exception Attributes: array (
  'class' => 'CssController',
  'plugin' => NULL,
)
Request URL: /beta/css/cake.generic.css
Stack Trace:
#0 /Users/sebb/sites/beta/webroot/index.php(99): Dispatcher->dispatch(Object(CakeRequest), Object(CakeResponse))
#1 {main}
2015-03-16 17:55:45 Error: Fatal Error (64): Namespace declaration statement has to be the very first statement in the script in [/Users/sebb/sites/beta/Controller/AppController.php, line 15]
2015-03-16 17:55:45 Error: [FatalErrorException] Namespace declaration statement has to be the very first statement in the script
Request URL: /beta/css/cake.generic.css
Stack Trace:
#0 /Users/sebb/sites/beta/Vendor/cakephp/cakephp/lib/Cake/Error/ErrorHandler.php(203): ErrorHandler::handleFatalError(64, 'Namespace decla...', '/Users/sebb/sit...', 15)
#1 [internal function]: ErrorHandler::handleError(64, 'Namespace decla...', '/Users/sebb/sit...', 15, Array)
#2 /Users/sebb/sites/beta/Vendor/cakephp/cakephp/lib/Cake/Core/App.php(931): call_user_func('ErrorHandler::h...', 64, 'Namespace decla...', '/Users/sebb/sit...', 15, Array)
#3 /Users/sebb/sites/beta/Vendor/cakephp/cakephp/lib/Cake/Core/App.php(904): App::_checkFatalError()
#4 [internal function]: App::shutdown()
#5 {main}
2015-03-16 17:55:48 Error: [MissingControllerException] Controller class PagesController could not be found.
Exception Attributes: array (
  'class' => 'PagesController',
  'plugin' => NULL,
)
Request URL: /beta/
Stack Trace:
#0 /Users/sebb/sites/beta/webroot/index.php(99): Dispatcher->dispatch(Object(CakeRequest), Object(CakeResponse))
#1 {main}
2015-03-16 17:55:48 Error: Fatal Error (1): Class 'App\Controller\App' not found in [/Users/sebb/sites/beta/Controller/AppController.php, line 14]
2015-03-16 17:55:48 Error: [FatalErrorException] Class 'App\Controller\App' not found
Request URL: /beta/
Stack Trace:
#0 /Users/sebb/sites/beta/Vendor/cakephp/cakephp/lib/Cake/Error/ErrorHandler.php(203): ErrorHandler::handleFatalError(1, 'Class 'App\\Cont...', '/Users/sebb/sit...', 14)
#1 [internal function]: ErrorHandler::handleError(1, 'Class 'App\\Cont...', '/Users/sebb/sit...', 14, Array)
#2 /Users/sebb/sites/beta/Vendor/cakephp/cakephp/lib/Cake/Core/App.php(931): call_user_func('ErrorHandler::h...', 1, 'Class 'App\\Cont...', '/Users/sebb/sit...', 14, Array)
#3 /Users/sebb/sites/beta/Vendor/cakephp/cakephp/lib/Cake/Core/App.php(904): App::_checkFatalError()
#4 [internal function]: App::shutdown()
#5 {main}
2015-03-16 17:55:48 Error: [MissingControllerException] Controller class CssController could not be found.
Exception Attributes: array (
  'class' => 'CssController',
  'plugin' => NULL,
)
Request URL: /beta/css/cake.generic.css
Stack Trace:
#0 /Users/sebb/sites/beta/webroot/index.php(99): Dispatcher->dispatch(Object(CakeRequest), Object(CakeResponse))
#1 {main}
2015-03-16 17:55:48 Error: Fatal Error (1): Class 'App\Controller\App' not found in [/Users/sebb/sites/beta/Controller/AppController.php, line 14]
2015-03-16 17:55:48 Error: [FatalErrorException] Class 'App\Controller\App' not found
Request URL: /beta/css/cake.generic.css
Stack Trace:
#0 /Users/sebb/sites/beta/Vendor/cakephp/cakephp/lib/Cake/Error/ErrorHandler.php(203): ErrorHandler::handleFatalError(1, 'Class 'App\\Cont...', '/Users/sebb/sit...', 14)
#1 [internal function]: ErrorHandler::handleError(1, 'Class 'App\\Cont...', '/Users/sebb/sit...', 14, Array)
#2 /Users/sebb/sites/beta/Vendor/cakephp/cakephp/lib/Cake/Core/App.php(931): call_user_func('ErrorHandler::h...', 1, 'Class 'App\\Cont...', '/Users/sebb/sit...', 14, Array)
#3 /Users/sebb/sites/beta/Vendor/cakephp/cakephp/lib/Cake/Core/App.php(904): App::_checkFatalError()
#4 [internal function]: App::shutdown()
#5 {main}
2015-03-16 17:56:20 Error: [MissingControllerException] Controller class PagesController could not be found.
Exception Attributes: array (
  'class' => 'PagesController',
  'plugin' => NULL,
)
Request URL: /beta/
Stack Trace:
#0 /Users/sebb/sites/beta/webroot/index.php(99): Dispatcher->dispatch(Object(CakeRequest), Object(CakeResponse))
#1 {main}
2015-03-16 17:56:20 Error: Fatal Error (1): Class 'App\Controller\App' not found in [/Users/sebb/sites/beta/Controller/AppController.php, line 14]
2015-03-16 17:56:20 Error: [FatalErrorException] Class 'App\Controller\App' not found
Request URL: /beta/
Stack Trace:
#0 /Users/sebb/sites/beta/Vendor/cakephp/cakephp/lib/Cake/Error/ErrorHandler.php(203): ErrorHandler::handleFatalError(1, 'Class 'App\\Cont...', '/Users/sebb/sit...', 14)
#1 [internal function]: ErrorHandler::handleError(1, 'Class 'App\\Cont...', '/Users/sebb/sit...', 14, Array)
#2 /Users/sebb/sites/beta/Vendor/cakephp/cakephp/lib/Cake/Core/App.php(931): call_user_func('ErrorHandler::h...', 1, 'Class 'App\\Cont...', '/Users/sebb/sit...', 14, Array)
#3 /Users/sebb/sites/beta/Vendor/cakephp/cakephp/lib/Cake/Core/App.php(904): App::_checkFatalError()
#4 [internal function]: App::shutdown()
#5 {main}
2015-03-16 17:56:20 Error: [MissingControllerException] Controller class CssController could not be found.
Exception Attributes: array (
  'class' => 'CssController',
  'plugin' => NULL,
)
Request URL: /beta/css/cake.generic.css
Stack Trace:
#0 /Users/sebb/sites/beta/webroot/index.php(99): Dispatcher->dispatch(Object(CakeRequest), Object(CakeResponse))
#1 {main}
2015-03-16 17:56:20 Error: Fatal Error (1): Class 'App\Controller\App' not found in [/Users/sebb/sites/beta/Controller/AppController.php, line 14]
2015-03-16 17:56:20 Error: [FatalErrorException] Class 'App\Controller\App' not found
Request URL: /beta/css/cake.generic.css
Stack Trace:
#0 /Users/sebb/sites/beta/Vendor/cakephp/cakephp/lib/Cake/Error/ErrorHandler.php(203): ErrorHandler::handleFatalError(1, 'Class 'App\\Cont...', '/Users/sebb/sit...', 14)
#1 [internal function]: ErrorHandler::handleError(1, 'Class 'App\\Cont...', '/Users/sebb/sit...', 14, Array)
#2 /Users/sebb/sites/beta/Vendor/cakephp/cakephp/lib/Cake/Core/App.php(931): call_user_func('ErrorHandler::h...', 1, 'Class 'App\\Cont...', '/Users/sebb/sit...', 14, Array)
#3 /Users/sebb/sites/beta/Vendor/cakephp/cakephp/lib/Cake/Core/App.php(904): App::_checkFatalError()
#4 [internal function]: App::shutdown()
#5 {main}
2015-03-16 17:56:21 Error: [MissingControllerException] Controller class PagesController could not be found.
Exception Attributes: array (
  'class' => 'PagesController',
  'plugin' => NULL,
)
Request URL: /beta/
Stack Trace:
#0 /Users/sebb/sites/beta/webroot/index.php(99): Dispatcher->dispatch(Object(CakeRequest), Object(CakeResponse))
#1 {main}
2015-03-16 17:56:21 Error: Fatal Error (1): Class 'App\Controller\App' not found in [/Users/sebb/sites/beta/Controller/AppController.php, line 14]
2015-03-16 17:56:21 Error: [FatalErrorException] Class 'App\Controller\App' not found
Request URL: /beta/
Stack Trace:
#0 /Users/sebb/sites/beta/Vendor/cakephp/cakephp/lib/Cake/Error/ErrorHandler.php(203): ErrorHandler::handleFatalError(1, 'Class 'App\\Cont...', '/Users/sebb/sit...', 14)
#1 [internal function]: ErrorHandler::handleError(1, 'Class 'App\\Cont...', '/Users/sebb/sit...', 14, Array)
#2 /Users/sebb/sites/beta/Vendor/cakephp/cakephp/lib/Cake/Core/App.php(931): call_user_func('ErrorHandler::h...', 1, 'Class 'App\\Cont...', '/Users/sebb/sit...', 14, Array)
#3 /Users/sebb/sites/beta/Vendor/cakephp/cakephp/lib/Cake/Core/App.php(904): App::_checkFatalError()
#4 [internal function]: App::shutdown()
#5 {main}
2015-03-16 17:56:21 Error: [MissingControllerException] Controller class CssController could not be found.
Exception Attributes: array (
  'class' => 'CssController',
  'plugin' => NULL,
)
Request URL: /beta/css/cake.generic.css
Stack Trace:
#0 /Users/sebb/sites/beta/webroot/index.php(99): Dispatcher->dispatch(Object(CakeRequest), Object(CakeResponse))
#1 {main}
2015-03-16 17:56:21 Error: Fatal Error (1): Class 'App\Controller\App' not found in [/Users/sebb/sites/beta/Controller/AppController.php, line 14]
2015-03-16 17:56:21 Error: [FatalErrorException] Class 'App\Controller\App' not found
Request URL: /beta/css/cake.generic.css
Stack Trace:
#0 /Users/sebb/sites/beta/Vendor/cakephp/cakephp/lib/Cake/Error/ErrorHandler.php(203): ErrorHandler::handleFatalError(1, 'Class 'App\\Cont...', '/Users/sebb/sit...', 14)
#1 [internal function]: ErrorHandler::handleError(1, 'Class 'App\\Cont...', '/Users/sebb/sit...', 14, Array)
#2 /Users/sebb/sites/beta/Vendor/cakephp/cakephp/lib/Cake/Core/App.php(931): call_user_func('ErrorHandler::h...', 1, 'Class 'App\\Cont...', '/Users/sebb/sit...', 14, Array)
#3 /Users/sebb/sites/beta/Vendor/cakephp/cakephp/lib/Cake/Core/App.php(904): App::_checkFatalError()
#4 [internal function]: App::shutdown()
#5 {main}
2015-03-16 17:56:34 Error: [MissingControllerException] Controller class PagesController could not be found.
Exception Attributes: array (
  'class' => 'PagesController',
  'plugin' => NULL,
)
Request URL: /beta/
Stack Trace:
#0 /Users/sebb/sites/beta/webroot/index.php(99): Dispatcher->dispatch(Object(CakeRequest), Object(CakeResponse))
#1 {main}
2015-03-16 17:56:34 Error: Fatal Error (1): Trait 'Crud\Controller\ControllerTrait' not found in [/Users/sebb/sites/beta/Controller/AppController.php, line 18]
2015-03-16 17:56:34 Error: [FatalErrorException] Trait 'Crud\Controller\ControllerTrait' not found
Request URL: /beta/
Stack Trace:
#0 /Users/sebb/sites/beta/Vendor/cakephp/cakephp/lib/Cake/Error/ErrorHandler.php(203): ErrorHandler::handleFatalError(1, 'Trait 'Crud\\Con...', '/Users/sebb/sit...', 18)
#1 [internal function]: ErrorHandler::handleError(1, 'Trait 'Crud\\Con...', '/Users/sebb/sit...', 18, Array)
#2 /Users/sebb/sites/beta/Vendor/cakephp/cakephp/lib/Cake/Core/App.php(931): call_user_func('ErrorHandler::h...', 1, 'Trait 'Crud\\Con...', '/Users/sebb/sit...', 18, Array)
#3 /Users/sebb/sites/beta/Vendor/cakephp/cakephp/lib/Cake/Core/App.php(904): App::_checkFatalError()
#4 [internal function]: App::shutdown()
#5 {main}
2015-03-16 17:56:35 Error: [MissingControllerException] Controller class CssController could not be found.
Exception Attributes: array (
  'class' => 'CssController',
  'plugin' => NULL,
)
Request URL: /beta/css/cake.generic.css
Stack Trace:
#0 /Users/sebb/sites/beta/webroot/index.php(99): Dispatcher->dispatch(Object(CakeRequest), Object(CakeResponse))
#1 {main}
2015-03-16 17:56:35 Error: Fatal Error (1): Trait 'Crud\Controller\ControllerTrait' not found in [/Users/sebb/sites/beta/Controller/AppController.php, line 18]
2015-03-16 17:56:35 Error: [FatalErrorException] Trait 'Crud\Controller\ControllerTrait' not found
Request URL: /beta/css/cake.generic.css
Stack Trace:
#0 /Users/sebb/sites/beta/Vendor/cakephp/cakephp/lib/Cake/Error/ErrorHandler.php(203): ErrorHandler::handleFatalError(1, 'Trait 'Crud\\Con...', '/Users/sebb/sit...', 18)
#1 [internal function]: ErrorHandler::handleError(1, 'Trait 'Crud\\Con...', '/Users/sebb/sit...', 18, Array)
#2 /Users/sebb/sites/beta/Vendor/cakephp/cakephp/lib/Cake/Core/App.php(931): call_user_func('ErrorHandler::h...', 1, 'Trait 'Crud\\Con...', '/Users/sebb/sit...', 18, Array)
#3 /Users/sebb/sites/beta/Vendor/cakephp/cakephp/lib/Cake/Core/App.php(904): App::_checkFatalError()
#4 [internal function]: App::shutdown()
#5 {main}
2015-03-16 17:56:35 Error: [MissingControllerException] Controller class PagesController could not be found.
Exception Attributes: array (
  'class' => 'PagesController',
  'plugin' => NULL,
)
Request URL: /beta/
Stack Trace:
#0 /Users/sebb/sites/beta/webroot/index.php(99): Dispatcher->dispatch(Object(CakeRequest), Object(CakeResponse))
#1 {main}
2015-03-16 17:56:35 Error: Fatal Error (1): Trait 'Crud\Controller\ControllerTrait' not found in [/Users/sebb/sites/beta/Controller/AppController.php, line 18]
2015-03-16 17:56:35 Error: [FatalErrorException] Trait 'Crud\Controller\ControllerTrait' not found
Request URL: /beta/
Stack Trace:
#0 /Users/sebb/sites/beta/Vendor/cakephp/cakephp/lib/Cake/Error/ErrorHandler.php(203): ErrorHandler::handleFatalError(1, 'Trait 'Crud\\Con...', '/Users/sebb/sit...', 18)
#1 [internal function]: ErrorHandler::handleError(1, 'Trait 'Crud\\Con...', '/Users/sebb/sit...', 18, Array)
#2 /Users/sebb/sites/beta/Vendor/cakephp/cakephp/lib/Cake/Core/App.php(931): call_user_func('ErrorHandler::h...', 1, 'Trait 'Crud\\Con...', '/Users/sebb/sit...', 18, Array)
#3 /Users/sebb/sites/beta/Vendor/cakephp/cakephp/lib/Cake/Core/App.php(904): App::_checkFatalError()
#4 [internal function]: App::shutdown()
#5 {main}
2015-03-16 17:56:35 Error: [MissingControllerException] Controller class CssController could not be found.
Exception Attributes: array (
  'class' => 'CssController',
  'plugin' => NULL,
)
Request URL: /beta/css/cake.generic.css
Stack Trace:
#0 /Users/sebb/sites/beta/webroot/index.php(99): Dispatcher->dispatch(Object(CakeRequest), Object(CakeResponse))
#1 {main}
2015-03-16 17:56:35 Error: Fatal Error (1): Trait 'Crud\Controller\ControllerTrait' not found in [/Users/sebb/sites/beta/Controller/AppController.php, line 18]
2015-03-16 17:56:35 Error: [FatalErrorException] Trait 'Crud\Controller\ControllerTrait' not found
Request URL: /beta/css/cake.generic.css
Stack Trace:
#0 /Users/sebb/sites/beta/Vendor/cakephp/cakephp/lib/Cake/Error/ErrorHandler.php(203): ErrorHandler::handleFatalError(1, 'Trait 'Crud\\Con...', '/Users/sebb/sit...', 18)
#1 [internal function]: ErrorHandler::handleError(1, 'Trait 'Crud\\Con...', '/Users/sebb/sit...', 18, Array)
#2 /Users/sebb/sites/beta/Vendor/cakephp/cakephp/lib/Cake/Core/App.php(931): call_user_func('ErrorHandler::h...', 1, 'Trait 'Crud\\Con...', '/Users/sebb/sit...', 18, Array)
#3 /Users/sebb/sites/beta/Vendor/cakephp/cakephp/lib/Cake/Core/App.php(904): App::_checkFatalError()
#4 [internal function]: App::shutdown()
#5 {main}
2015-03-16 17:56:36 Error: [MissingControllerException] Controller class PagesController could not be found.
Exception Attributes: array (
  'class' => 'PagesController',
  'plugin' => NULL,
)
Request URL: /beta/
Stack Trace:
#0 /Users/sebb/sites/beta/webroot/index.php(99): Dispatcher->dispatch(Object(CakeRequest), Object(CakeResponse))
#1 {main}
2015-03-16 17:56:36 Error: Fatal Error (1): Trait 'Crud\Controller\ControllerTrait' not found in [/Users/sebb/sites/beta/Controller/AppController.php, line 18]
2015-03-16 17:56:36 Error: [FatalErrorException] Trait 'Crud\Controller\ControllerTrait' not found
Request URL: /beta/
Stack Trace:
#0 /Users/sebb/sites/beta/Vendor/cakephp/cakephp/lib/Cake/Error/ErrorHandler.php(203): ErrorHandler::handleFatalError(1, 'Trait 'Crud\\Con...', '/Users/sebb/sit...', 18)
#1 [internal function]: ErrorHandler::handleError(1, 'Trait 'Crud\\Con...', '/Users/sebb/sit...', 18, Array)
#2 /Users/sebb/sites/beta/Vendor/cakephp/cakephp/lib/Cake/Core/App.php(931): call_user_func('ErrorHandler::h...', 1, 'Trait 'Crud\\Con...', '/Users/sebb/sit...', 18, Array)
#3 /Users/sebb/sites/beta/Vendor/cakephp/cakephp/lib/Cake/Core/App.php(904): App::_checkFatalError()
#4 [internal function]: App::shutdown()
#5 {main}
2015-03-16 17:56:36 Error: [MissingControllerException] Controller class CssController could not be found.
Exception Attributes: array (
  'class' => 'CssController',
  'plugin' => NULL,
)
Request URL: /beta/css/cake.generic.css
Stack Trace:
#0 /Users/sebb/sites/beta/webroot/index.php(99): Dispatcher->dispatch(Object(CakeRequest), Object(CakeResponse))
#1 {main}
2015-03-16 17:56:36 Error: Fatal Error (1): Trait 'Crud\Controller\ControllerTrait' not found in [/Users/sebb/sites/beta/Controller/AppController.php, line 18]
2015-03-16 17:56:36 Error: [FatalErrorException] Trait 'Crud\Controller\ControllerTrait' not found
Request URL: /beta/css/cake.generic.css
Stack Trace:
#0 /Users/sebb/sites/beta/Vendor/cakephp/cakephp/lib/Cake/Error/ErrorHandler.php(203): ErrorHandler::handleFatalError(1, 'Trait 'Crud\\Con...', '/Users/sebb/sit...', 18)
#1 [internal function]: ErrorHandler::handleError(1, 'Trait 'Crud\\Con...', '/Users/sebb/sit...', 18, Array)
#2 /Users/sebb/sites/beta/Vendor/cakephp/cakephp/lib/Cake/Core/App.php(931): call_user_func('ErrorHandler::h...', 1, 'Trait 'Crud\\Con...', '/Users/sebb/sit...', 18, Array)
#3 /Users/sebb/sites/beta/Vendor/cakephp/cakephp/lib/Cake/Core/App.php(904): App::_checkFatalError()
#4 [internal function]: App::shutdown()
#5 {main}
2015-03-16 17:56:46 Error: [MissingControllerException] Controller class PagesController could not be found.
Exception Attributes: array (
  'class' => 'PagesController',
  'plugin' => NULL,
)
Request URL: /beta/
Stack Trace:
#0 /Users/sebb/sites/beta/webroot/index.php(99): Dispatcher->dispatch(Object(CakeRequest), Object(CakeResponse))
#1 {main}
2015-03-16 17:56:46 Error: [MissingControllerException] Controller class CssController could not be found.
Exception Attributes: array (
  'class' => 'CssController',
  'plugin' => NULL,
)
Request URL: /beta/css/cake.generic.css
Stack Trace:
#0 /Users/sebb/sites/beta/webroot/index.php(99): Dispatcher->dispatch(Object(CakeRequest), Object(CakeResponse))
#1 {main}
2015-03-16 17:57:02 Error: [MissingViewException] View file "/Users/sebb/sites/beta/View/Users/add.ctp" is missing.
Exception Attributes: array (
  'file' => '/Users/sebb/sites/beta/View/Users/add.ctp',
)
Request URL: /beta/
Stack Trace:
#0 /Users/sebb/sites/beta/Vendor/cakephp/cakephp/lib/Cake/View/View.php(470): View->_getViewFileName('add')
#1 /Users/sebb/sites/beta/Vendor/cakephp/cakephp/lib/Cake/Controller/Controller.php(959): View->render('add', NULL)
#2 /Users/sebb/sites/beta/Plugin/Crud/Controller/Component/CrudComponent.php(231): Controller->render('add')
#3 /Users/sebb/sites/beta/Plugin/Crud/Lib/CrudControllerTrait.php(55): CrudComponent->execute()
#4 /Users/sebb/sites/beta/Vendor/cakephp/cakephp/lib/Cake/Routing/Dispatcher.php(193): AppController->invokeAction(Object(CakeRequest))
#5 /Users/sebb/sites/beta/Vendor/cakephp/cakephp/lib/Cake/Routing/Dispatcher.php(167): Dispatcher->_invoke(Object(UsersController), Object(CakeRequest))
#6 /Users/sebb/sites/beta/webroot/index.php(99): Dispatcher->dispatch(Object(CakeRequest), Object(CakeResponse))
#7 {main}
2015-03-16 17:57:02 Error: [MissingControllerException] Controller class CssController could not be found.
Exception Attributes: array (
  'class' => 'CssController',
  'plugin' => NULL,
)
Request URL: /beta/css/cake.generic.css
Stack Trace:
#0 /Users/sebb/sites/beta/webroot/index.php(99): Dispatcher->dispatch(Object(CakeRequest), Object(CakeResponse))
#1 {main}
2015-03-16 17:57:19 Error: [MissingViewException] View file "/Users/sebb/sites/beta/View/Users/add.ctp" is missing.
Exception Attributes: array (
  'file' => '/Users/sebb/sites/beta/View/Users/add.ctp',
)
Request URL: /beta/
Stack Trace:
#0 /Users/sebb/sites/beta/Vendor/cakephp/cakephp/lib/Cake/View/View.php(470): View->_getViewFileName('add')
#1 /Users/sebb/sites/beta/Vendor/cakephp/cakephp/lib/Cake/Controller/Controller.php(959): View->render('add', NULL)
#2 /Users/sebb/sites/beta/Plugin/Crud/Controller/Component/CrudComponent.php(231): Controller->render('add')
#3 /Users/sebb/sites/beta/Plugin/Crud/Lib/CrudControllerTrait.php(55): CrudComponent->execute()
#4 /Users/sebb/sites/beta/Vendor/cakephp/cakephp/lib/Cake/Routing/Dispatcher.php(193): AppController->invokeAction(Object(CakeRequest))
#5 /Users/sebb/sites/beta/Vendor/cakephp/cakephp/lib/Cake/Routing/Dispatcher.php(167): Dispatcher->_invoke(Object(UsersController), Object(CakeRequest))
#6 /Users/sebb/sites/beta/webroot/index.php(99): Dispatcher->dispatch(Object(CakeRequest), Object(CakeResponse))
#7 {main}
2015-03-16 17:57:19 Error: [MissingControllerException] Controller class CssController could not be found.
Exception Attributes: array (
  'class' => 'CssController',
  'plugin' => NULL,
)
Request URL: /beta/css/cake.generic.css
Stack Trace:
#0 /Users/sebb/sites/beta/webroot/index.php(99): Dispatcher->dispatch(Object(CakeRequest), Object(CakeResponse))
#1 {main}
2015-03-16 18:56:01 Error: [MissingControllerException] Controller class OnewayupController could not be found.
Exception Attributes: array (
  'class' => 'OnewayupController',
  'plugin' => NULL,
)
Request URL: /beta/onewayup
Stack Trace:
#0 /Users/sebb/sites/beta/webroot/index.php(99): Dispatcher->dispatch(Object(CakeRequest), Object(CakeResponse))
#1 {main}
2015-03-16 19:41:47 Error: [MissingControllerException] Controller class SuersController could not be found.
Exception Attributes: array (
  'class' => 'SuersController',
  'plugin' => NULL,
)
Request URL: /beta/suers/index.json
Stack Trace:
#0 /Users/sebb/sites/beta/webroot/index.php(99): Dispatcher->dispatch(Object(CakeRequest), Object(CakeResponse))
#1 {main}
2015-03-16 19:42:31 Error: [MissingControllerException] Controller class SuersController could not be found.
Exception Attributes: array (
  'class' => 'SuersController',
  'plugin' => NULL,
)
Request URL: /beta/suers/index.json
Stack Trace:
#0 /Users/sebb/sites/beta/webroot/index.php(99): Dispatcher->dispatch(Object(CakeRequest), Object(CakeResponse))
#1 {main}
